  Tank.cpp
e:\tank\tank\level.h(60): warning C4244: return: преобразование "double" в "float", возможна потеря данных
e:\tank\tank\level.h(144): warning C4244: инициализация: преобразование "double" в "float", возможна потеря данных
e:\tank\tank\level.h(145): warning C4244: =: преобразование "float" в "int", возможна потеря данных
e:\tank\tank\level.h(185): warning C4244: аргумент: преобразование "int" в "float", возможна потеря данных
e:\tank\tank\level.h(242): warning C4244: аргумент: преобразование "int" в "float", возможна потеря данных
e:\tank\tank\level.h(263): warning C4244: =: преобразование "int" в "float", возможна потеря данных
e:\tank\tank\level.h(264): warning C4244: =: преобразование "int" в "float", возможна потеря данных
e:\tank\tank\level.h(265): warning C4244: =: преобразование "int" в "float", возможна потеря данных
e:\tank\tank\level.h(266): warning C4244: =: преобразование "int" в "float", возможна потеря данных
e:\tank\tank\tank.cpp(34): warning C4244: аргумент: преобразование "int" в "float", возможна потеря данных
e:\tank\tank\tank.cpp(38): warning C4244: аргумент: преобразование "int" в "float", возможна потеря данных
e:\tank\tank\tank.cpp(110): warning C4305: =: усечение из "double" в "float"
e:\tank\tank\tank.cpp(115): warning C4305: =: усечение из "double" в "float"
e:\tank\tank\tank.cpp(120): warning C4305: =: усечение из "double" в "float"
e:\tank\tank\tank.cpp(125): warning C4305: =: усечение из "double" в "float"
e:\tank\tank\tank.cpp(144): warning C4305: =: усечение из "double" в "float"
e:\tank\tank\tank.cpp(145): warning C4305: =: усечение из "double" в "float"
e:\tank\tank\tank.cpp(155): warning C4305: =: усечение из "double" в "float"
e:\tank\tank\tank.cpp(156): warning C4305: =: усечение из "double" в "float"
e:\tank\tank\tank.cpp(157): warning C4305: =: усечение из "double" в "float"
e:\tank\tank\tank.cpp(177): warning C4305: =: усечение из "double" в "float"
e:\tank\tank\tank.cpp(182): warning C4305: =: усечение из "double" в "float"
e:\tank\tank\tank.cpp(188): warning C4305: =: усечение из "double" в "float"
e:\tank\tank\tank.cpp(193): warning C4305: =: усечение из "double" в "float"
e:\tank\tank\tank.cpp(221): warning C4305: =: усечение из "double" в "float"
e:\tank\tank\tank.cpp(316): warning C4244: инициализация: преобразование "sf::Int64" в "float", возможна потеря данных
e:\tank\tank\level.h(312): warning C4715: Level::GetObject: значение возвращается не при всех путях выполнения
  Tank.vcxproj -> E:\Tank\x64\Debug\Tank.exe
